# Logfile created on 2014-01-04 02:11:32 +0900 by logger.rb/41954
I, [2014-01-04T02:11:32.716150 #83742]  INFO -- : 0:  rake (10.1.1) from /Users/hyunjinjang/.rvm/gems/ruby-2.0.0-p353/specifications/rake-10.1.1.gemspec
I, [2014-01-04T02:11:32.716520 #83742]  INFO -- : 0:  i18n (0.6.9) from /Users/hyunjinjang/.rvm/gems/ruby-2.0.0-p353/specifications/i18n-0.6.9.gemspec
I, [2014-01-04T02:11:32.716847 #83742]  INFO -- : 0:  minitest (4.7.5) from /Users/hyunjinjang/.rvm/gems/ruby-2.0.0-p353/specifications/minitest-4.7.5.gemspec
I, [2014-01-04T02:11:32.717138 #83742]  INFO -- : 0:  multi_json (1.8.2) from /Users/hyunjinjang/.rvm/gems/ruby-2.0.0-p353/specifications/multi_json-1.8.2.gemspec
I, [2014-01-04T02:11:32.717427 #83742]  INFO -- : 0:  atomic (1.1.14) from /Users/hyunjinjang/.rvm/gems/ruby-2.0.0-p353/specifications/atomic-1.1.14.gemspec
I, [2014-01-04T02:11:32.717838 #83742]  INFO -- : 0:  thread_safe (0.1.3) from /Users/hyunjinjang/.rvm/gems/ruby-2.0.0-p353/specifications/thread_safe-0.1.3.gemspec
I, [2014-01-04T02:11:32.718125 #83742]  INFO -- : 0:  tzinfo (0.3.38) from /Users/hyunjinjang/.rvm/gems/ruby-2.0.0-p353/specifications/tzinfo-0.3.38.gemspec
I, [2014-01-04T02:11:32.718403 #83742]  INFO -- : 0:  activesupport (4.0.2) from /Users/hyunjinjang/.rvm/gems/ruby-2.0.0-p353/specifications/activesupport-4.0.2.gemspec
I, [2014-01-04T02:11:32.718679 #83742]  INFO -- : 0:  builder (3.1.4) from /Users/hyunjinjang/.rvm/gems/ruby-2.0.0-p353/specifications/builder-3.1.4.gemspec
I, [2014-01-04T02:11:32.718956 #83742]  INFO -- : 0:  erubis (2.7.0) from /Users/hyunjinjang/.rvm/gems/ruby-2.0.0-p353/specifications/erubis-2.7.0.gemspec
I, [2014-01-04T02:11:32.719226 #83742]  INFO -- : 0:  rack (1.5.2) from /Users/hyunjinjang/.rvm/gems/ruby-2.0.0-p353/specifications/rack-1.5.2.gemspec
I, [2014-01-04T02:11:32.719503 #83742]  INFO -- : 0:  rack-test (0.6.2) from /Users/hyunjinjang/.rvm/gems/ruby-2.0.0-p353/specifications/rack-test-0.6.2.gemspec
I, [2014-01-04T02:11:32.719775 #83742]  INFO -- : 0:  actionpack (4.0.2) from /Users/hyunjinjang/.rvm/gems/ruby-2.0.0-p353/specifications/actionpack-4.0.2.gemspec
I, [2014-01-04T02:11:32.720047 #83742]  INFO -- : 0:  mime-types (1.25.1) from /Users/hyunjinjang/.rvm/gems/ruby-2.0.0-p353/specifications/mime-types-1.25.1.gemspec
I, [2014-01-04T02:11:32.720321 #83742]  INFO -- : 0:  polyglot (0.3.3) from /Users/hyunjinjang/.rvm/gems/ruby-2.0.0-p353/specifications/polyglot-0.3.3.gemspec
I, [2014-01-04T02:11:32.720595 #83742]  INFO -- : 0:  treetop (1.4.15) from /Users/hyunjinjang/.rvm/gems/ruby-2.0.0-p353/specifications/treetop-1.4.15.gemspec
I, [2014-01-04T02:11:32.720863 #83742]  INFO -- : 0:  mail (2.5.4) from /Users/hyunjinjang/.rvm/gems/ruby-2.0.0-p353/specifications/mail-2.5.4.gemspec
I, [2014-01-04T02:11:32.721136 #83742]  INFO -- : 0:  actionmailer (4.0.2) from /Users/hyunjinjang/.rvm/gems/ruby-2.0.0-p353/specifications/actionmailer-4.0.2.gemspec
I, [2014-01-04T02:11:32.721404 #83742]  INFO -- : 0:  activemodel (4.0.2) from /Users/hyunjinjang/.rvm/gems/ruby-2.0.0-p353/specifications/activemodel-4.0.2.gemspec
I, [2014-01-04T02:11:32.721679 #83742]  INFO -- : 0:  activerecord-deprecated_finders (1.0.3) from /Users/hyunjinjang/.rvm/gems/ruby-2.0.0-p353/specifications/activerecord-deprecated_finders-1.0.3.gemspec
I, [2014-01-04T02:11:32.721953 #83742]  INFO -- : 0:  arel (4.0.1) from /Users/hyunjinjang/.rvm/gems/ruby-2.0.0-p353/specifications/arel-4.0.1.gemspec
I, [2014-01-04T02:11:32.722221 #83742]  INFO -- : 0:  activerecord (4.0.2) from /Users/hyunjinjang/.rvm/gems/ruby-2.0.0-p353/specifications/activerecord-4.0.2.gemspec
I, [2014-01-04T02:11:32.722486 #83742]  INFO -- : 0:  timers (1.1.0) from /Users/hyunjinjang/.rvm/gems/ruby-2.0.0-p353/specifications/timers-1.1.0.gemspec
I, [2014-01-04T02:11:32.722752 #83742]  INFO -- : 0:  celluloid (0.15.2) from /Users/hyunjinjang/.rvm/gems/ruby-2.0.0-p353/specifications/celluloid-0.15.2.gemspec
I, [2014-01-04T02:11:32.723020 #83742]  INFO -- : 0:  coderay (1.1.0) from /Users/hyunjinjang/.rvm/gems/ruby-2.0.0-p353/specifications/coderay-1.1.0.gemspec
I, [2014-01-04T02:11:32.723357 #83742]  INFO -- : 0:  coffee-script-source (1.6.3) from /Users/hyunjinjang/.rvm/gems/ruby-2.0.0-p353/specifications/coffee-script-source-1.6.3.gemspec
I, [2014-01-04T02:11:32.723658 #83742]  INFO -- : 0:  execjs (2.0.2) from /Users/hyunjinjang/.rvm/gems/ruby-2.0.0-p353/specifications/execjs-2.0.2.gemspec
I, [2014-01-04T02:11:32.723930 #83742]  INFO -- : 0:  coffee-script (2.2.0) from /Users/hyunjinjang/.rvm/gems/ruby-2.0.0-p353/specifications/coffee-script-2.2.0.gemspec
I, [2014-01-04T02:11:32.724194 #83742]  INFO -- : 0:  thor (0.18.1) from /Users/hyunjinjang/.rvm/gems/ruby-2.0.0-p353/specifications/thor-0.18.1.gemspec
I, [2014-01-04T02:11:32.724474 #83742]  INFO -- : 0:  railties (4.0.2) from /Users/hyunjinjang/.rvm/gems/ruby-2.0.0-p353/specifications/railties-4.0.2.gemspec
I, [2014-01-04T02:11:32.724759 #83742]  INFO -- : 0:  coffee-rails (4.0.1) from /Users/hyunjinjang/.rvm/gems/ruby-2.0.0-p353/specifications/coffee-rails-4.0.1.gemspec
I, [2014-01-04T02:11:32.725040 #83742]  INFO -- : 0:  commonjs (0.2.7) from /Users/hyunjinjang/.rvm/gems/ruby-2.0.0-p353/specifications/commonjs-0.2.7.gemspec
I, [2014-01-04T02:11:32.725308 #83742]  INFO -- : 0:  database_cleaner (1.2.0) from /Users/hyunjinjang/.rvm/gems/ruby-2.0.0-p353/specifications/database_cleaner-1.2.0.gemspec
I, [2014-01-04T02:11:32.725574 #83742]  INFO -- : 0:  diff-lcs (1.2.5) from /Users/hyunjinjang/.rvm/gems/ruby-2.0.0-p353/specifications/diff-lcs-1.2.5.gemspec
I, [2014-01-04T02:11:32.726948 #83742]  INFO -- : 0:  factory_girl (4.3.0) from /Users/hyunjinjang/.rvm/gems/ruby-2.0.0-p353/specifications/factory_girl-4.3.0.gemspec
I, [2014-01-04T02:11:32.727297 #83742]  INFO -- : 0:  factory_girl_rails (4.3.0) from /Users/hyunjinjang/.rvm/gems/ruby-2.0.0-p353/specifications/factory_girl_rails-4.3.0.gemspec
I, [2014-01-04T02:11:32.727612 #83742]  INFO -- : 0:  multipart-post (1.2.0) from /Users/hyunjinjang/.rvm/gems/ruby-2.0.0-p353/specifications/multipart-post-1.2.0.gemspec
I, [2014-01-04T02:11:32.727960 #83742]  INFO -- : 0:  faraday (0.8.8) from /Users/hyunjinjang/.rvm/gems/ruby-2.0.0-p353/specifications/faraday-0.8.8.gemspec
I, [2014-01-04T02:11:32.728293 #83742]  INFO -- : 0:  ffi (1.9.3) from /Users/hyunjinjang/.rvm/gems/ruby-2.0.0-p353/specifications/ffi-1.9.3.gemspec
I, [2014-01-04T02:11:32.728714 #83742]  INFO -- : 0:  flat-ui-rails (0.0.2) from /Users/hyunjinjang/.rvm/gems/ruby-2.0.0-p353/specifications/flat-ui-rails-0.0.2.gemspec
I, [2014-01-04T02:11:32.729126 #83742]  INFO -- : 0:  formatador (0.2.4) from /Users/hyunjinjang/.rvm/gems/ruby-2.0.0-p353/specifications/formatador-0.2.4.gemspec
I, [2014-01-04T02:11:32.729549 #83742]  INFO -- : 0:  rb-fsevent (0.9.4) from /Users/hyunjinjang/.rvm/gems/ruby-2.0.0-p353/specifications/rb-fsevent-0.9.4.gemspec
I, [2014-01-04T02:11:32.729941 #83742]  INFO -- : 0:  rb-inotify (0.9.3) from /Users/hyunjinjang/.rvm/gems/ruby-2.0.0-p353/specifications/rb-inotify-0.9.3.gemspec
I, [2014-01-04T02:11:32.730355 #83742]  INFO -- : 0:  listen (2.4.0) from /Users/hyunjinjang/.rvm/gems/ruby-2.0.0-p353/specifications/listen-2.4.0.gemspec
I, [2014-01-04T02:11:32.730766 #83742]  INFO -- : 0:  lumberjack (1.0.4) from /Users/hyunjinjang/.rvm/gems/ruby-2.0.0-p353/specifications/lumberjack-1.0.4.gemspec
I, [2014-01-04T02:11:32.731064 #83742]  INFO -- : 0:  method_source (0.8.2) from /Users/hyunjinjang/.rvm/gems/ruby-2.0.0-p353/specifications/method_source-0.8.2.gemspec
I, [2014-01-04T02:11:32.731481 #83742]  INFO -- : 0:  slop (3.4.7) from /Users/hyunjinjang/.rvm/gems/ruby-2.0.0-p353/specifications/slop-3.4.7.gemspec
I, [2014-01-04T02:11:32.731870 #83742]  INFO -- : 0:  pry (0.9.12.4) from /Users/hyunjinjang/.rvm/gems/ruby-2.0.0-p353/specifications/pry-0.9.12.4.gemspec
I, [2014-01-04T02:11:32.732293 #83742]  INFO -- : 0:  guard (2.2.5) from /Users/hyunjinjang/.rvm/gems/ruby-2.0.0-p353/specifications/guard-2.2.5.gemspec
I, [2014-01-04T02:11:32.732607 #83742]  INFO -- : 0:  rspec-core (2.14.7) from /Users/hyunjinjang/.rvm/gems/ruby-2.0.0-p353/specifications/rspec-core-2.14.7.gemspec
I, [2014-01-04T02:11:32.732918 #83742]  INFO -- : 0:  rspec-expectations (2.14.4) from /Users/hyunjinjang/.rvm/gems/ruby-2.0.0-p353/specifications/rspec-expectations-2.14.4.gemspec
I, [2014-01-04T02:11:32.733241 #83742]  INFO -- : 0:  rspec-mocks (2.14.4) from /Users/hyunjinjang/.rvm/gems/ruby-2.0.0-p353/specifications/rspec-mocks-2.14.4.gemspec
I, [2014-01-04T02:11:32.733554 #83742]  INFO -- : 0:  rspec (2.14.1) from /Users/hyunjinjang/.rvm/gems/ruby-2.0.0-p353/specifications/rspec-2.14.1.gemspec
I, [2014-01-04T02:11:32.733860 #83742]  INFO -- : 0:  guard-rspec (4.2.3) from /Users/hyunjinjang/.rvm/gems/ruby-2.0.0-p353/specifications/guard-rspec-4.2.3.gemspec
I, [2014-01-04T02:11:32.734277 #83742]  INFO -- : 0:  hashie (2.0.5) from /Users/hyunjinjang/.rvm/gems/ruby-2.0.0-p353/specifications/hashie-2.0.5.gemspec
I, [2014-01-04T02:11:32.734693 #83742]  INFO -- : 0:  hike (1.2.3) from /Users/hyunjinjang/.rvm/gems/ruby-2.0.0-p353/specifications/hike-1.2.3.gemspec
I, [2014-01-04T02:11:32.735108 #83742]  INFO -- : 0:  httpauth (0.2.0) from /Users/hyunjinjang/.rvm/gems/ruby-2.0.0-p353/specifications/httpauth-0.2.0.gemspec
I, [2014-01-04T02:11:32.735528 #83742]  INFO -- : 0:  json (1.8.1) from /Users/hyunjinjang/.rvm/gems/ruby-2.0.0-p353/specifications/json-1.8.1.gemspec
I, [2014-01-04T02:11:32.735841 #83742]  INFO -- : 0:  jwt (0.1.8) from /Users/hyunjinjang/.rvm/gems/ruby-2.0.0-p353/specifications/jwt-0.1.8.gemspec
I, [2014-01-04T02:11:32.736135 #83742]  INFO -- : 0:  less (2.4.0) from /Users/hyunjinjang/.rvm/gems/ruby-2.0.0-p353/specifications/less-2.4.0.gemspec
I, [2014-01-04T02:11:32.736427 #83742]  INFO -- : 0:  less-rails (2.4.2) from /Users/hyunjinjang/.rvm/gems/ruby-2.0.0-p353/specifications/less-rails-2.4.2.gemspec
I, [2014-01-04T02:11:32.736861 #83742]  INFO -- : 0:  libv8 (3.16.14.3) from /Users/hyunjinjang/.rvm/gems/ruby-2.0.0-p353/specifications/libv8-3.16.14.3-x86_64-darwin-12.gemspec
I, [2014-01-04T02:11:32.737318 #83742]  INFO -- : 0:  oauth2 (0.8.1) from /Users/hyunjinjang/.rvm/gems/ruby-2.0.0-p353/specifications/oauth2-0.8.1.gemspec
I, [2014-01-04T02:11:32.737722 #83742]  INFO -- : 0:  omniauth (1.1.4) from /Users/hyunjinjang/.rvm/gems/ruby-2.0.0-p353/specifications/omniauth-1.1.4.gemspec
I, [2014-01-04T02:11:32.738143 #83742]  INFO -- : 0:  omniauth-oauth2 (1.1.1) from /Users/hyunjinjang/.rvm/gems/ruby-2.0.0-p353/specifications/omniauth-oauth2-1.1.1.gemspec
I, [2014-01-04T02:11:32.738588 #83742]  INFO -- : 0:  omniauth-facebook (1.5.1) from /Users/hyunjinjang/.rvm/gems/ruby-2.0.0-p353/specifications/omniauth-facebook-1.5.1.gemspec
I, [2014-01-04T02:11:32.738992 #83742]  INFO -- : 0:  bundler (1.5.1) from /Users/hyunjinjang/.rvm/gems/ruby-2.0.0-p353@global/specifications/bundler-1.5.1.gemspec
I, [2014-01-04T02:11:32.739382 #83742]  INFO -- : 0:  tilt (1.4.1) from /Users/hyunjinjang/.rvm/gems/ruby-2.0.0-p353/specifications/tilt-1.4.1.gemspec
I, [2014-01-04T02:11:32.739796 #83742]  INFO -- : 0:  sprockets (2.10.1) from /Users/hyunjinjang/.rvm/gems/ruby-2.0.0-p353/specifications/sprockets-2.10.1.gemspec
I, [2014-01-04T02:11:32.740212 #83742]  INFO -- : 0:  sprockets-rails (2.0.1) from /Users/hyunjinjang/.rvm/gems/ruby-2.0.0-p353/specifications/sprockets-rails-2.0.1.gemspec
I, [2014-01-04T02:11:32.740529 #83742]  INFO -- : 0:  rails (4.0.2) from /Users/hyunjinjang/.rvm/gems/ruby-2.0.0-p353/specifications/rails-4.0.2.gemspec
I, [2014-01-04T02:11:32.740831 #83742]  INFO -- : 0:  rdoc (3.12.2) from /Users/hyunjinjang/.rvm/gems/ruby-2.0.0-p353/specifications/rdoc-3.12.2.gemspec
I, [2014-01-04T02:11:32.741211 #83742]  INFO -- : 0:  ref (1.0.5) from /Users/hyunjinjang/.rvm/gems/ruby-2.0.0-p353/specifications/ref-1.0.5.gemspec
I, [2014-01-04T02:11:32.741629 #83742]  INFO -- : 0:  rspec-rails (2.14.1) from /Users/hyunjinjang/.rvm/gems/ruby-2.0.0-p353/specifications/rspec-rails-2.14.1.gemspec
I, [2014-01-04T02:11:32.741913 #83742]  INFO -- : 0:  sdoc (0.3.20) from /Users/hyunjinjang/.rvm/gems/ruby-2.0.0-p353/specifications/sdoc-0.3.20.gemspec
I, [2014-01-04T02:11:32.742320 #83742]  INFO -- : 0:  sqlite3 (1.3.8) from /Users/hyunjinjang/.rvm/gems/ruby-2.0.0-p353/specifications/sqlite3-1.3.8.gemspec
I, [2014-01-04T02:11:32.742753 #83742]  INFO -- : 0:  therubyracer (0.12.0) from /Users/hyunjinjang/.rvm/gems/ruby-2.0.0-p353/specifications/therubyracer-0.12.0.gemspec
I, [2014-01-04T02:11:32.743155 #83742]  INFO -- : 0:  turbolinks (2.1.0) from /Users/hyunjinjang/.rvm/gems/ruby-2.0.0-p353/specifications/turbolinks-2.1.0.gemspec
I, [2014-01-04T02:11:32.743582 #83742]  INFO -- : 0:  twitter-bootstrap-rails (2.2.8) from /Users/hyunjinjang/.rvm/gems/ruby-2.0.0-p353/specifications/twitter-bootstrap-rails-2.2.8.gemspec
